<?xml version="1.0" encoding="UTF-8"?>
<testng-results skipped="0" failed="0" total="2" passed="2">
  <reporter-output>
  </reporter-output>
  <suite name="Default suite" duration-ms="13828" started-at="2016-07-28T05:48:48Z" finished-at="2016-07-28T05:49:02Z">
    <groups>
    </groups>
    <test name="Default test" duration-ms="13828" started-at="2016-07-28T05:48:48Z" finished-at="2016-07-28T05:49:02Z">
      <class name="NavigationTest.NavigationTest">
        <test-method status="PASS" signature="launchBrowser()[pri:0, instance:NavigationTest.NavigationTest@272ed83b]" name="launchBrowser" is-config="true" duration-ms="11419" started-at="2016-07-28T00:48:48Z" finished-at="2016-07-28T00:49:00Z">
          <reporter-output>
          </reporter-output>
        </test-method> <!-- launchBrowser -->
        <test-method status="PASS" signature="compareHomeTitle()[pri:0, instance:NavigationTest.NavigationTest@272ed83b]" name="compareHomeTitle" duration-ms="41" started-at="2016-07-28T00:49:00Z" finished-at="2016-07-28T00:49:00Z">
          <reporter-output>
          </reporter-output>
        </test-method> <!-- compareHomeTitle -->
        <test-method status="PASS" signature="compareApproachTitle()[pri:1, instance:NavigationTest.NavigationTest@272ed83b]" name="compareApproachTitle" duration-ms="1676" started-at="2016-07-28T00:49:00Z" finished-at="2016-07-28T00:49:01Z">
          <reporter-output>
          </reporter-output>
        </test-method> <!-- compareApproachTitle -->
        <test-method status="PASS" signature="terminateBrowser()[pri:0, instance:NavigationTest.NavigationTest@272ed83b]" name="terminateBrowser" is-config="true" duration-ms="664" started-at="2016-07-28T00:49:01Z" finished-at="2016-07-28T00:49:02Z">
          <reporter-output>
          </reporter-output>
        </test-method> <!-- terminateBrowser -->
      </class> <!-- NavigationTest.NavigationTest -->
    </test> <!-- Default test -->
  </suite> <!-- Default suite -->
</testng-results>
